<?xml version="1.0" encoding="UTF-8"?>
<!-- Generated by org.testng.reporters.JUnitReportReporter -->
<testsuite hostname="DESKTOP-42Q238P" failures="0" tests="1" name="testCases.tc004_LodinABC" time="1.845" errors="0" timestamp="2025-07-07T08:32:21 IST" skipped="0">
  <testcase classname="testCases.tc004_LodinABC" name="verify_login" time="1.845"/>
</testsuite> <!-- testCases.tc004_LodinABC -->
