<?xml version="1.0" encoding="UTF-8"?>
<!-- Generated by org.testng.reporters.JUnitReportReporter -->
<testsuite hostname="DESKTOP-42Q238P" failures="0" tests="1" name="testCases.tc002_LoginTest" time="2.849" errors="0" timestamp="2025-07-15T08:16:26 IST" skipped="0">
  <testcase classname="testCases.tc002_LoginTest" name="verify_login" time="2.849"/>
</testsuite> <!-- testCases.tc002_LoginTest -->
