<?xml version="1.0" encoding="UTF-8"?>
<!-- Generated by org.testng.reporters.JUnitReportReporter -->
<testsuite hostname="DESKTOP-42Q238P" failures="0" tests="1" name="testCases.tc001_AccountRegistrationTest" time="2.846" errors="0" timestamp="2025-07-15T09:17:01 IST" skipped="0">
  <testcase classname="testCases.tc001_AccountRegistrationTest" name="verify_account_registration" time="2.846"/>
</testsuite> <!-- testCases.tc001_AccountRegistrationTest -->
